TN:
SF:server.js
FN:16,resolveProcessEnv
FN:27,resolvePort
FN:33,createLogger
FN:40,(anonymous_3)
FN:50,createPool
FN:54,createApp
FN:57,(anonymous_6)
FN:73,(anonymous_7)
FN:75,(anonymous_8)
FN:88,(anonymous_9)
FNF:10
FNH:9
FNDA:12,resolveProcessEnv
FNDA:13,resolvePort
FNDA:11,createLogger
FNDA:2,(anonymous_3)
FNDA:10,createPool
FNDA:30,createApp
FNDA:77,(anonymous_6)
FNDA:0,(anonymous_7)
FNDA:1,(anonymous_8)
FNDA:1,(anonymous_9)
DA:2,10
DA:18,12
DA:19,12
DA:20,1
DA:22,11
DA:25,10
DA:28,13
DA:31,10
DA:35,11
DA:36,11
DA:41,2
DA:51,10
DA:55,30
DA:57,30
DA:58,77
DA:59,77
DA:62,30
DA:63,30
DA:65,30
DA:66,30
DA:67,30
DA:68,30
DA:69,30
DA:70,30
DA:71,30
DA:73,30
DA:75,30
DA:76,1
DA:77,1
DA:80,30
DA:83,10
DA:84,10
DA:85,10
DA:87,10
DA:88,1
DA:89,1
LF:36
LH:36
BRDA:18,0,0,10
BRDA:18,0,1,2
BRDA:19,1,0,1
BRDA:19,1,1,11
BRDA:19,2,0,12
BRDA:19,2,1,11
BRDA:27,3,0,13
BRDA:28,4,0,12
BRDA:28,4,1,1
BRDA:28,5,0,12
BRDA:28,5,1,1
BRDA:33,6,0,11
BRDA:35,7,0,11
BRDA:35,7,1,10
BRDA:37,8,0,11
BRDA:37,8,1,11
BRDA:42,9,0,1
BRDA:42,9,1,1
BRDA:50,10,0,10
BRDA:87,11,0,1
BRDA:87,11,1,9
BRF:21
BRH:21
end_of_record
TN:
SF:controllers\auth.js
FN:6,register
FN:30,login
FN:84,authenticate
FN:88,(anonymous_3)
FN:95,changePassword
FNF:5
FNH:5
FNDA:24,register
FNDA:23,login
FNDA:40,authenticate
FNDA:38,(anonymous_3)
FNDA:9,changePassword
DA:4,9
DA:7,24
DA:8,24
DA:9,2
DA:10,22
DA:11,1
DA:12,21
DA:13,21
DA:14,21
DA:18,18
DA:19,18
DA:21,3
DA:22,2
DA:23,2
DA:25,1
DA:26,1
DA:31,23
DA:32,23
DA:33,23
DA:34,2
DA:35,21
DA:36,21
DA:37,21
DA:39,21
DA:43,20
DA:44,20
DA:45,1
DA:46,1
DA:49,19
DA:50,1
DA:52,1
DA:57,1
DA:63,18
DA:64,18
DA:65,3
DA:66,3
DA:68,15
DA:69,23
DA:74,23
DA:79,1
DA:80,1
DA:85,40
DA:86,40
DA:87,38
DA:88,38
DA:89,38
DA:90,37
DA:91,37
DA:96,9
DA:97,9
DA:98,9
DA:99,8
DA:100,1
DA:101,7
DA:102,1
DA:104,6
DA:105,6
DA:109,5
DA:110,5
DA:111,4
DA:112,4
DA:116,3
DA:117,3
DA:118,1
DA:122,2
DA:123,2
DA:124,2
DA:128,1
DA:129,1
DA:133,1
DA:134,9
DA:136,1
DA:137,1
LF:73
LH:73
BRDA:7,0,0,24
BRDA:7,0,1,0
BRDA:8,1,0,2
BRDA:8,1,1,22
BRDA:8,2,0,24
BRDA:8,2,1,22
BRDA:10,3,0,1
BRDA:10,3,1,21
BRDA:16,4,0,21
BRDA:16,4,1,0
BRDA:21,5,0,2
BRDA:21,5,1,1
BRDA:22,6,0,2
BRDA:22,6,1,2
BRDA:31,7,0,23
BRDA:31,7,1,0
BRDA:32,8,0,23
BRDA:32,8,1,23
BRDA:33,9,0,2
BRDA:33,9,1,21
BRDA:33,10,0,23
BRDA:33,10,1,21
BRDA:44,11,0,1
BRDA:44,11,1,19
BRDA:45,12,0,1
BRDA:45,12,1,1
BRDA:49,13,0,1
BRDA:49,13,1,18
BRDA:50,14,0,1
BRDA:50,14,1,1
BRDA:64,15,0,3
BRDA:64,15,1,15
BRDA:65,16,0,3
BRDA:65,16,1,3
BRDA:68,17,0,15
BRDA:68,17,1,15
BRDA:86,18,0,2
BRDA:86,18,1,38
BRDA:89,19,0,1
BRDA:89,19,1,37
BRDA:97,20,0,9
BRDA:97,20,1,0
BRDA:98,21,0,1
BRDA:98,21,1,8
BRDA:99,22,0,1
BRDA:99,22,1,7
BRDA:99,23,0,8
BRDA:99,23,1,7
BRDA:101,24,0,1
BRDA:101,24,1,6
BRDA:110,25,0,1
BRDA:110,25,1,4
BRDA:111,26,0,1
BRDA:111,26,1,3
BRDA:117,27,0,1
BRDA:117,27,1,2
BRDA:123,28,0,1
BRDA:123,28,1,1
BRDA:133,29,0,1
BRDA:133,29,1,1
BRDA:136,30,0,1
BRDA:136,30,1,1
BRF:62
BRH:58
end_of_record
TN:
SF:controllers\goals.js
FN:2,getGoals
FN:27,addGoal
FN:43,deleteGoal
FN:59,updateGoal
FNF:4
FNH:4
FNDA:4,getGoals
FNDA:4,addGoal
FNDA:2,deleteGoal
FNDA:2,updateGoal
DA:3,4
DA:5,4
DA:6,1
DA:10,1
DA:14,3
DA:15,3
DA:19,2
DA:21,1
DA:22,1
DA:28,4
DA:29,4
DA:30,4
DA:31,4
DA:35,2
DA:37,2
DA:38,2
DA:44,2
DA:45,2
DA:46,2
DA:47,2
DA:51,1
DA:53,1
DA:54,1
DA:60,2
DA:61,2
DA:62,2
DA:63,2
DA:64,2
DA:68,1
DA:70,1
DA:71,1
LF:31
LH:31
BRDA:5,0,0,1
BRDA:5,0,1,3
BRDA:5,1,0,4
BRDA:5,1,1,3
BRDA:6,2,0,1
BRDA:6,2,1,1
BRDA:21,3,0,1
BRDA:21,3,1,1
BRDA:37,4,0,2
BRDA:37,4,1,2
BRDA:53,5,0,1
BRDA:53,5,1,1
BRDA:70,6,0,1
BRDA:70,6,1,1
BRF:14
BRH:14
end_of_record
TN:
SF:controllers\profileController.js
FN:2,getProfile
FN:73,updatePsychology
FN:88,(anonymous_2)
FN:118,(anonymous_3)
FN:122,(anonymous_4)
FNF:5
FNH:5
FNDA:8,getProfile
FNDA:9,updatePsychology
FNDA:54,(anonymous_2)
FNDA:9,(anonymous_3)
FNDA:9,(anonymous_4)
DA:3,8
DA:4,8
DA:5,8
DA:7,8
DA:11,6
DA:13,8
DA:15,8
DA:16,8
DA:17,8
DA:18,8
DA:20,8
DA:32,6
DA:36,6
DA:41,6
DA:44,6
DA:46,8
DA:47,8
DA:49,8
DA:51,8
DA:53,8
DA:57,8
DA:68,2
DA:69,2
DA:74,9
DA:75,9
DA:76,9
DA:85,9
DA:86,9
DA:88,9
DA:89,54
DA:90,11
DA:91,11
DA:92,3
DA:94,8
DA:95,8
DA:96,2
DA:97,2
DA:99,6
DA:100,6
DA:105,9
DA:106,2
DA:111,7
DA:112,7
DA:113,1
DA:118,9
DA:119,6
DA:121,6
DA:122,9
DA:124,6
DA:127,6
DA:128,5
DA:129,9
DA:131,9
DA:133,1
DA:134,1
LF:55
LH:55
BRDA:5,0,0,8
BRDA:5,0,1,5
BRDA:11,1,0,6
BRDA:11,1,1,4
BRDA:13,2,0,8
BRDA:13,2,1,0
BRDA:15,3,0,8
BRDA:15,3,1,5
BRDA:16,4,0,8
BRDA:16,4,1,3
BRDA:17,5,0,8
BRDA:17,5,1,3
BRDA:18,6,0,8
BRDA:18,6,1,5
BRDA:44,7,0,6
BRDA:44,7,1,0
BRDA:46,8,0,8
BRDA:46,8,1,0
BRDA:49,9,0,5
BRDA:49,9,1,1
BRDA:51,10,0,5
BRDA:51,10,1,1
BRDA:53,11,0,2
BRDA:53,11,1,4
BRDA:53,12,0,8
BRDA:53,12,1,3
BRDA:60,13,0,8
BRDA:60,13,1,0
BRDA:61,14,0,5
BRDA:61,14,1,1
BRDA:62,15,0,8
BRDA:62,15,1,0
BRDA:63,16,0,8
BRDA:63,16,1,0
BRDA:68,17,0,2
BRDA:68,17,1,1
BRDA:89,18,0,11
BRDA:89,18,1,43
BRDA:91,19,0,3
BRDA:91,19,1,8
BRDA:91,20,0,11
BRDA:91,20,1,9
BRDA:91,20,2,8
BRDA:95,21,0,2
BRDA:95,21,1,6
BRDA:105,22,0,2
BRDA:105,22,1,7
BRDA:112,23,0,1
BRDA:112,23,1,6
BRDA:128,24,0,5
BRDA:128,24,1,0
BRDA:129,25,0,9
BRDA:129,25,1,4
BRDA:133,26,0,1
BRDA:133,26,1,1
BRF:55
BRH:48
end_of_record
TN:
SF:controllers\todo.js
FN:1,updateTodo
FN:19,getTodos
FN:29,addTodo
FN:44,deleteTodo
FNF:4
FNH:4
FNDA:7,updateTodo
FNDA:4,getTodos
FNDA:8,addTodo
FNDA:5,deleteTodo
DA:2,7
DA:3,7
DA:4,7
DA:5,5
DA:6,5
DA:10,4
DA:11,2
DA:13,2
DA:15,1
DA:16,1
DA:20,4
DA:21,4
DA:22,3
DA:24,1
DA:25,1
DA:30,8
DA:31,8
DA:32,6
DA:33,6
DA:37,5
DA:39,1
DA:40,1
DA:45,5
DA:46,5
DA:47,5
DA:48,3
DA:50,2
DA:51,2
LF:28
LH:28
BRDA:4,0,0,2
BRDA:4,0,1,5
BRDA:8,1,0,5
BRDA:8,1,1,0
BRDA:10,2,0,2
BRDA:10,2,1,2
BRDA:31,3,0,2
BRDA:31,3,1,6
BRDA:35,4,0,6
BRDA:35,4,1,1
BRF:10
BRH:9
end_of_record
TN:
SF:controllers\trade.js
FN:1,getTrades
FN:14,addTrade
FN:63,toNull
FN:146,deleteTrade
FN:164,getTradeStats
FN:183,(anonymous_5)
FNF:6
FNH:6
FNDA:4,getTrades
FNDA:16,addTrade
FNDA:84,toNull
FNDA:4,deleteTrade
FNDA:6,getTradeStats
FNDA:7,(anonymous_5)
DA:2,4
DA:3,4
DA:7,3
DA:9,1
DA:10,1
DA:31,16
DA:35,16
DA:39,16
DA:43,16
DA:44,16
DA:45,15
DA:47,16
DA:50,16
DA:55,16
DA:56,16
DA:57,2
DA:61,14
DA:64,84
DA:65,76
DA:66,35
DA:70,14
DA:71,14
DA:72,14
DA:75,14
DA:76,14
DA:79,14
DA:80,2
DA:86,12
DA:87,9
DA:88,9
DA:89,8
DA:91,9
DA:92,8
DA:95,3
DA:99,12
DA:101,12
DA:102,6
DA:103,6
DA:104,4
DA:105,2
DA:106,2
DA:108,12
DA:109,16
DA:110,16
DA:111,8
DA:113,4
DA:115,12
DA:116,12
DA:139,11
DA:141,1
DA:142,1
DA:147,4
DA:148,4
DA:149,4
DA:153,3
DA:154,1
DA:156,2
DA:158,1
DA:159,1
DA:165,6
DA:166,6
DA:170,5
DA:171,5
DA:172,5
DA:173,5
DA:174,5
DA:175,5
DA:176,5
DA:177,5
DA:178,5
DA:179,5
DA:180,5
DA:181,5
DA:182,5
DA:183,5
DA:186,7
DA:190,7
DA:194,7
DA:198,7
DA:202,7
DA:205,7
DA:206,7
DA:207,7
DA:208,7
DA:209,7
DA:210,2
DA:212,7
DA:213,7
DA:214,7
DA:215,7
DA:216,7
DA:217,7
DA:219,7
DA:220,7
DA:221,7
DA:222,7
DA:223,7
DA:224,7
DA:226,5
DA:227,6
DA:228,6
DA:229,6
DA:230,6
DA:231,6
DA:232,6
DA:233,6
DA:234,6
DA:251,1
DA:252,1
LF:109
LH:109
BRDA:35,0,0,2
BRDA:35,0,1,14
BRDA:39,1,0,2
BRDA:39,1,1,14
BRDA:43,2,0,0
BRDA:43,2,1,16
BRDA:44,3,0,15
BRDA:44,3,1,1
BRDA:44,4,0,16
BRDA:44,4,1,12
BRDA:47,5,0,3
BRDA:47,5,1,13
BRDA:55,6,0,1
BRDA:55,6,1,15
BRDA:55,7,0,16
BRDA:55,7,1,11
BRDA:56,8,0,2
BRDA:56,8,1,14
BRDA:56,9,0,16
BRDA:56,9,1,14
BRDA:56,9,2,14
BRDA:64,10,0,8
BRDA:64,10,1,76
BRDA:64,11,0,84
BRDA:64,11,1,76
BRDA:65,12,0,41
BRDA:65,12,1,35
BRDA:65,13,0,76
BRDA:65,13,1,71
BRDA:79,14,0,2
BRDA:79,14,1,12
BRDA:79,15,0,14
BRDA:79,15,1,12
BRDA:79,15,2,12
BRDA:79,15,3,12
BRDA:86,16,0,9
BRDA:86,16,1,3
BRDA:88,17,0,8
BRDA:88,17,1,1
BRDA:91,18,0,8
BRDA:91,18,1,1
BRDA:101,19,0,6
BRDA:101,19,1,6
BRDA:101,20,0,12
BRDA:101,20,1,12
BRDA:103,21,0,4
BRDA:103,21,1,2
BRDA:105,22,0,2
BRDA:105,22,1,0
BRDA:108,23,0,3
BRDA:108,23,1,9
BRDA:110,24,0,8
BRDA:110,24,1,4
BRDA:111,25,0,8
BRDA:111,25,1,0
BRDA:113,26,0,4
BRDA:113,26,1,0
BRDA:153,27,0,1
BRDA:153,27,1,2
BRDA:186,28,0,3
BRDA:186,28,1,4
BRDA:190,29,0,2
BRDA:190,29,1,5
BRDA:194,30,0,2
BRDA:194,30,1,5
BRDA:198,31,0,2
BRDA:198,31,1,5
BRDA:202,32,0,0
BRDA:202,32,1,7
BRDA:205,33,0,3
BRDA:205,33,1,4
BRDA:205,34,0,7
BRDA:205,34,1,4
BRDA:206,35,0,4
BRDA:206,35,1,3
BRDA:206,36,0,7
BRDA:206,36,1,3
BRDA:207,37,0,0
BRDA:207,37,1,7
BRDA:208,38,0,0
BRDA:208,38,1,7
BRDA:209,39,0,2
BRDA:209,39,1,5
BRDA:209,40,0,7
BRDA:209,40,1,5
BRDA:212,41,0,0
BRDA:212,41,1,7
BRDA:214,42,0,5
BRDA:214,42,1,2
BRDA:215,43,0,2
BRDA:215,43,1,5
BRDA:221,44,0,4
BRDA:221,44,1,3
BRDA:224,45,0,1
BRDA:224,45,1,6
BRDA:226,46,0,4
BRDA:226,46,1,1
BRDA:227,47,0,4
BRDA:227,47,1,1
BRDA:228,48,0,4
BRDA:228,48,1,1
BRDA:229,49,0,2
BRDA:229,49,1,3
BRDA:230,50,0,4
BRDA:230,50,1,1
BRDA:231,51,0,4
BRDA:231,51,1,1
BRDA:232,52,0,4
BRDA:232,52,1,1
BRDA:233,53,0,4
BRDA:233,53,1,1
BRF:111
BRH:103
end_of_record
TN:
SF:routes\auth.js
FN:4,(anonymous_0)
FN:6,(anonymous_1)
FN:7,(anonymous_2)
FNF:3
FNH:3
FNDA:25,(anonymous_0)
FNDA:20,(anonymous_1)
FNDA:18,(anonymous_2)
DA:5,25
DA:6,25
DA:7,25
DA:8,25
LF:4
LH:4
BRF:0
BRH:0
end_of_record
TN:
SF:routes\github.js
FN:6,createGitHubRouter
FN:17,(anonymous_1)
FN:22,(anonymous_2)
FNF:3
FNH:3
FNDA:13,createGitHubRouter
FNDA:1,(anonymous_1)
FNDA:5,(anonymous_2)
DA:15,13
DA:17,13
DA:18,1
DA:19,1
DA:22,13
DA:23,5
DA:24,5
DA:25,5
DA:26,4
DA:27,4
DA:36,3
DA:37,3
DA:39,5
DA:42,3
DA:43,3
DA:45,5
DA:46,5
DA:47,1
DA:50,1
DA:53,1
DA:56,3
DA:57,3
DA:58,3
DA:62,2
DA:63,1
DA:64,1
DA:68,1
DA:69,1
DA:71,1
DA:72,1
DA:75,1
DA:76,1
DA:79,2
DA:84,2
DA:85,5
DA:87,1
DA:88,1
DA:92,13
DA:95,7
LF:39
LH:39
BRDA:6,0,0,13
BRDA:7,1,0,13
BRDA:8,2,0,13
BRDA:9,3,0,13
BRDA:10,4,0,13
BRDA:11,5,0,13
BRDA:12,6,0,13
BRDA:12,7,0,13
BRDA:12,7,1,1
BRDA:13,8,0,13
BRDA:25,9,0,1
BRDA:25,9,1,4
BRDA:46,10,0,1
BRDA:46,10,1,4
BRDA:51,11,0,1
BRDA:51,11,1,0
BRDA:51,11,2,0
BRDA:62,12,0,1
BRDA:62,12,1,1
BRF:19
BRH:17
end_of_record
TN:
SF:routes\goals.js
FN:10,(anonymous_0)
FN:13,(anonymous_1)
FN:14,(anonymous_2)
FN:15,(anonymous_3)
FN:16,(anonymous_4)
FNF:5
FNH:5
FNDA:25,(anonymous_0)
FNDA:2,(anonymous_1)
FNDA:2,(anonymous_2)
FNDA:1,(anonymous_3)
FNDA:1,(anonymous_4)
DA:11,25
DA:12,25
DA:13,25
DA:14,25
DA:15,25
DA:16,25
DA:17,25
LF:7
LH:7
BRF:0
BRH:0
end_of_record
TN:
SF:routes\profile.js
FN:8,(anonymous_0)
FN:11,(anonymous_1)
FN:16,(anonymous_2)
FN:22,(anonymous_3)
FNF:4
FNH:4
FNDA:25,(anonymous_0)
FNDA:2,(anonymous_1)
FNDA:2,(anonymous_2)
FNDA:2,(anonymous_3)
DA:9,25
DA:11,25
DA:12,2
DA:13,2
DA:16,25
DA:17,2
DA:19,2
DA:22,25
DA:23,2
DA:25,2
DA:27,25
LF:11
LH:11
BRDA:12,0,0,2
BRDA:12,0,1,2
BRDA:17,1,0,2
BRDA:17,1,1,2
BRDA:23,2,0,2
BRDA:23,2,1,2
BRF:6
BRH:6
end_of_record
TN:
SF:routes\startkapital.js
FN:4,(anonymous_0)
FN:9,(anonymous_1)
FN:21,(anonymous_2)
FNF:3
FNH:3
FNDA:31,(anonymous_0)
FNDA:4,(anonymous_1)
FNDA:6,(anonymous_2)
DA:5,31
DA:6,31
DA:9,31
DA:10,4
DA:11,4
DA:12,3
DA:13,2
DA:15,1
DA:16,1
DA:21,31
DA:22,6
DA:23,6
DA:24,4
DA:25,4
DA:26,3
DA:28,1
DA:29,1
DA:33,31
LF:18
LH:18
BRDA:12,0,0,1
BRDA:12,0,1,2
BRDA:23,1,0,2
BRDA:23,1,1,4
BRF:4
BRH:4
end_of_record
TN:
SF:routes\todo.js
FN:5,(anonymous_0)
FN:8,(anonymous_1)
FN:9,(anonymous_2)
FN:10,(anonymous_3)
FN:11,(anonymous_4)
FNF:5
FNH:5
FNDA:25,(anonymous_0)
FNDA:2,(anonymous_1)
FNDA:4,(anonymous_2)
FNDA:2,(anonymous_3)
FNDA:3,(anonymous_4)
DA:6,25
DA:7,25
DA:8,25
DA:9,25
DA:10,25
DA:11,25
DA:12,25
LF:7
LH:7
BRF:0
BRH:0
end_of_record
TN:
SF:routes\trade.js
FN:10,(anonymous_0)
FN:13,(anonymous_1)
FN:14,(anonymous_2)
FN:15,(anonymous_3)
FN:16,(anonymous_4)
FNF:5
FNH:5
FNDA:25,(anonymous_0)
FNDA:2,(anonymous_1)
FNDA:2,(anonymous_2)
FNDA:4,(anonymous_3)
FNDA:1,(anonymous_4)
DA:11,25
DA:12,25
DA:13,25
DA:14,25
DA:15,25
DA:16,25
DA:17,25
LF:7
LH:7
BRF:0
BRH:0
end_of_record
TN:
SF:tests\controllerTestUtils.js
FN:3,createMockLogger
FN:11,createMockRes
FN:16,(anonymous_2)
FN:20,(anonymous_3)
FN:24,(anonymous_4)
FN:27,(anonymous_5)
FNF:6
FNH:6
FNDA:54,createMockLogger
FNDA:62,createMockRes
FNDA:46,(anonymous_2)
FNDA:60,(anonymous_3)
FNDA:1,(anonymous_4)
FNDA:2,(anonymous_5)
DA:4,54
DA:12,62
DA:17,46
DA:18,46
DA:21,60
DA:22,60
DA:25,1
DA:28,2
DA:29,2
LF:9
LH:9
BRF:0
BRH:0
end_of_record
TN:
SF:tests\testUtils.js
FN:13,(anonymous_0)
FN:14,(anonymous_1)
FN:15,(anonymous_2)
FN:18,loadMigrations
FN:21,(anonymous_4)
FN:22,(anonymous_5)
FN:35,setupTestApp
FN:44,registerUser
FN:48,loginUser
FNF:9
FNH:8
FNDA:161,(anonymous_0)
FNDA:3,(anonymous_1)
FNDA:0,(anonymous_2)
FNDA:20,loadMigrations
FNDA:268,(anonymous_4)
FNDA:324,(anonymous_5)
FNDA:19,setupTestApp
FNDA:14,registerUser
FNDA:15,loginUser
DA:8,6
DA:9,6
DA:10,6
DA:12,6
DA:19,20
DA:21,268
DA:23,324
DA:24,229
DA:25,228
DA:27,20
DA:28,268
DA:29,268
DA:30,267
DA:36,19
DA:37,19
DA:38,19
DA:39,19
DA:40,19
DA:41,19
DA:45,14
DA:49,15
LF:21
LH:21
BRDA:18,0,0,20
BRDA:23,1,0,95
BRDA:23,1,1,229
BRDA:24,2,0,1
BRDA:24,2,1,228
BRDA:29,3,0,267
BRDA:29,3,1,1
BRF:7
BRH:7
end_of_record
